-99937
-99896
-99895
-99892
-99879
-99846
-99843
-99812
-99801
-99764
-99751
-99740
-99698
-99686
-99671
-99657
-99655
-99642
-99641
-99636
-99630
-99608
-99597
-99575
-99558
-99505
-99480
-99479
-99477
-99461
-99455
-99442
-99418
-99403
-99339
-99334
-99274
-99274
-99271
-99265
-99229
-99197
-99181
-99180
-99160
-99089
-99074
-99064
-99060
-99054
-98999
-98950
-98947
-98888
-98845
-98832
-98806
-98783
-98770
-98767
-98748
-98692
-98673
-98654
-98594
-98585
-98577
-98571
-98548
-98514
-98481
-98459
-98435
-98418
-98411
-98398
-98377
-98377
-98341
-98335
-98324
-98308
-98299
-98275
-98224
-98210
-98209
-98181
-98169
-98129
-98122
-98113
-98084
-98048
-98031
-98022
-97977
-97940
-97880
-97870
-97847
-97840
-97826
-97801
-97793
-97697
-97696
-97683
-97682
-97673
-97615
-97570
-97543
-97518
-97504
-97502
-97469
-97464
-97417
-97392
-97389
-97386
-97367
-97358
-97336
-97289
-97275
-97269
-97255
-97253
-97208
-97179
-97103
-97100
-97084
-97068
-97062
-97058
-97043
-97003
-96987
-96984
-96973
-96971
-96956
-96941
-96912
-96911
-96904
-96896
-96871
-96844
-96805
-96783
-96760
-96756
-96734
-96713
-96707
-96688
-96681
-96674
-96674
-96640
-96640
-96632
-96599
-96597
-96597
-96592
-96568
-96566
-96529
-96527
-96492
-96477
-96453
-96354
-96330
-96315
-96267
-96256
-96234
-96233
-96217
-96183
-96143
-96133
-96101
-96082
-96021
-95986
-95950
-95950
-95933
-95810
-95794
-95755
-95676
-95640
-95631
-95630
-95574
-95451
-95445
-95440
-95432
-95423
-95418
-95403
-95395
-95369
-95329
-95310
-95286
-95265
-95261
-95213
-95212
-95188
-95167
-95167
-95157
-95132
-95101
-95098
-95036
-95024
-94976
-94912
-94891
-94889
-94884
-94872
-94837
-94833
-94797
-94784
-94756
-94704
-94666
-94659
-94617
-94607
-94606
-94579
-94550
-94542
-94540
-94501
-94495
-94489
-94482
-94456
-94453
-94446
-94428
-94413
-94406
-94362
-94319
-94317
-94293
-94271
-94256
-94226
-94201
-94183
-94146
-94122
-94115
-94100
-94075
-94006
-94002
-93986
-93985
-93953
-93935
-93922
-93902
-93902
-93890
-93875
-93833
-93805
-93796
-93752
-93725
-93697
-93689
-93689
-93687
-93683
-93649
-93637
-93618
-93612
-93525
-93491
-93482
-93463
-93435
-93416
-93414
-93404
-93396
-93391
-93383
-93315
-93305
-93304
-93248
-93176
-93169
-93130
-93123
-93123
-93082
-93078
-93069
-93061
-93052
-93045
-93018
-93013
-93004
-92989
-92964
-92928
-92926
-92908
-92903
-92895
-92855
-92850
-92850
-92819
-92807
-92793
-92773
-92763
-92755
-92696
-92677
-92670
-92668
-92656
-92644
-92625
-92618
-92584
-92571
-92555
-92554
-92546
-92537
-92532
-92503
-92480
-92467
-92437
-92436
-92426
-92422
-92409
-92398
-92397
-92325
-92319
-92287
-92276
-92260
-92258
-92254
-92240
-92225
-92195
-92154
-92053
-92037
-92036
-92023
-92018
-91993
-91985
-91969
-91933
-91930
-91882
-91812
-91807
-91732
-91708
-91702
-91696
-91685
-91654
-91647
-91641
-91635
-91617
-91598
-91567
-91560
-91420
-91406
-91378
-91330
-91314
-91314
-91307
-91296
-91252
-91235
-91232
-91218
-91210
-91207
-91166
-91148
-91135
-91117
-91107
-91021
-90994
-90992
-90968
-90923
-90833
-90823
-90807
-90783
-90760
-90756
-90700
-90695
-90676
-90670
-90667
-90660
-90639
-90612
-90603
-90601
-90594
-90584
-90560
-90531
-90507
-90485
-90478
-90435
-90411
-90382
-90323
-90322
-90319
-90292
-90279
-90247
-90232
-90201
-90193
-90171
-90144
-90136
-90120
-90108
-90100
-90099
-90095
-90084
-90056
-90050
-90049
-90028
-89963
-89960
-89951
-89919
-89906
-89838
-89836
-89798
-89786
-89733
-89648
-89643
-89638
-89631
-89630
-89624
-89618
-89543
-89503
-89491
-89484
-89472
-89417
-89417
-89408
-89394
-89387
-89380
-89376
-89345
-89339
-89329
-89295
-89263
-89202
-89173
-89170
-89166
-89161
-89129
-89110
-89104
-89086
-89065
-89064
-89060
-89041
-88998
-88959
-88858
-88829
-88714
-88710
-88706
-88694
-88611
-88582
-88577
-88572
-88568
-88565
-88419
-88389
-88376
-88362
-88329
-88287
-88255
-88237
-88222
-88218
-88192
-88075
-88074
-88066
-88027
-88008
-87989
-87947
-87942
-87924
-87893
-87885
-87876
-87838
-87835
-87814
-87808
-87781
-87741
-87703
-87703
-87655
-87602
-87595
-87587
-87553
-87507
-87507
-87497
-87495
-87478
-87474
-87437
-87378
-87357
-87308
-87288
-87279
-87277
-87268
-87248
-87247
-87230
-87217
-87197
-87163
-87157
-87154
-87150
-87149
-87107
-86994
-86954
-86953
-86927
-86906
-86862
-86824
-86814
-86810
-86810
-86786
-86740
-86733
-86726
-86658
-86649
-86637
-86636
-86619
-86573
-86567
-86532
-86524
-86468
-86467
-86447
-86428
-86396
-86374
-86322
-86320
-86291
-86282
-86270
-86215
-86215
-86200
-86154
-86133
-86118
-86117
-86079
-86056
-86040
-86031
-86002
-85974
-85962
-85956
-85935
-85918
-85849
-85838
-85830
-85804
-85796
-85793
-85771
-85715
-85683
-85651
-85645
-85629
-85626
-85622
-85615
-85612
-85575
-85550
-85549
-85482
-85480
-85467
-85466
-85465
-85462
-85453
-85406
-85404
-85399
-85392
-85364
-85341
-85286
-85254
-85166
-85128
-85090
-85079
-85050
-85040
-84986
-84963
-84942
-84920
-84916
-84796
-84788
-84751
-84741
-84721
-84660
-84645
-84615
-84593
-84583
-84575
-84534
-84529
-84504
-84492
-84490
-84485
-84467
-84453
-84435
-84389
-84352
-84256
-84198
-84162
-84116
-84110
-84051
-84024
-83992
-83974
-83927
-83912
-83882
-83852
-83797
-83760
-83746
-83726
-83719
-83709
-83708
-83676
-83571
-83553
-83501
-83475
-83474
-83467
-83461
-83441
-83409
-83387
-83384
-83380
-83344
-83337
-83331
-83310
-83284
-83269
-83268
-83241
-83231
-83218
-83202
-83185
-83165
-83147
-83131
-83130
-83127
-83067
-83056
-83055
-83048
-83043
-83039
-82989
-82837
-82807
-82775
-82747
-82736
-82733
-82678
-82658
-82652
-82651
-82610
-82610
-82573
-82539
-82497
-82484
-82454
-82449
-82388
-82382
-82372
-82363
-82354
-82330
-82329
-82318
-82316
-82304
-82294
-82287
-82286
-82269
-82238
-82226
-82226
-82186
-82160
-82139
-82130
-82121
-82077
-82029
-82007
-81953
-81939
-81938
-81937
-81893
-81844
-81838
-81803
-81789
-81771
-81760
-81703
-81679
-81655
-81649
-81639
-81631
-81628
-81614
-81613
-81587
-81585
-81576
-81571
-81569
-81563
-81554
-81523
-81508
-81496
-81403
-81375
-81373
-81349
-81313
-81313
-81302
-81290
-81263
-81243
-81224
-81205
-81201
-81190
-81168
-81158
-81142
-81090
-81089
-81082
-81074
-81058
-81053
-81051
-80994
-80992
-80959
-80956
-80950
-80930
-80912
-80911
-80895
-80877
-80856
-80832
-80828
-80815
-80761
-80757
-80735
-80728
-80702
-80684
-80679
-80671
-80651
-80641
-80596
-80563
-80559
-80501
-80458
-80451
-80426
-80373
-80328
-80325
-80302
-80290
-80281
-80271
-80268
-80263
-80254
-80253
-80252
-80247
-80239
-80223
-80189
-80178
-80166
-80134
-80118
-80118
-80106
-80092
-80030
-79958
-79948
-79922
-79890
-79802
-79797
-79757
-79748
-79743
-79742
-79668
-79630
-79600
-79554
-79549
-79549
-79487
-79486
-79475
-79410
-79406
-79401
-79398
-79370
-79337
-79307
-79299
-79298
-79297
-79296
-79254
-79222
-79198
-79152
-79148
-79133
-79090
-79089
-79038
-78965
-78950
-78948
-78947
-78939
-78921
-78896
-78855
-78851
-78841
-78801
-78770
-78769
-78730
-78722
-78702
-78687
-78661
-78596
-78596
-78567
-78548
-78548
-78501
-78479
-78451
-78440
-78415
-78405
-78392
-78390
-78380
-78372
-78275
-78249
-78234
-78199
-78194
-78174
-78150
-78083
-78066
-78024
-78013
-77980
-77971
-77929
-77928
-77865
-77835
-77765
-77753
-77740
-77726
-77713
-77708
-77654
-77608
-77580
-77578
-77566
-77554
-77523
-77518
-77497
-77488
-77450
-77412
-77399
-77379
-77355
-77337
-77329
-77296
-77263
-77249
-77216
-77201
-77181
-77163
-77160
-77130
-77113
-77102
-77101
-77098
-77083
-77082
-77068
-77060
-77048
-77045
-77020
-76997
-76996
-76992
-76985
-76982
-76958
-76921
-76893
-76870
-76852
-76849
-76824
-76794
-76740
-76733
-76731
-76719
-76660
-76601
-76582
-76580
-76540
-76523
-76513
-76475
-76456
-76453
-76447
-76435
-76422
-76422
-76422
-76419
-76376
-76301
-76300
-76255
-76254
-76242
-76235
-76213
-76205
-76160
-76160
-76118
-76072
-76071
-76070
-76067
-76050
-76045
-76041
-76023
-75935
-75846
-75828
-75824
-75801
-75789
-75758
-75731
-75727
-75727
-75716
-75693
-75685
-75659
-75616
-75605
-75593
-75555
-75502
-75479
-75470
-75405
-75396
-75369
-75360
-75351
-75342
-75304
-75297
-75294
-75287
-75285
-75220
-75188
-75179
-75159
-75144
-75084
-75081
-75039
-75014
-74998
-74966
-74963
-74943
-74908
-74906
-74897
-74886
-74872
-74858
-74849
-74818
-74729
-74648
-74638
-74602
-74602
-74572
-74557
-74557
-74525
-74514
-74506
-74495
-74494
-74452
-74417
-74388
-74377
-74354
-74350
-74274
-74261
-74257
-74253
-74225
-74213
-74211
-74203
-74201
-74180
-74131
-74130
-74110
-74100
-74078
-74078
-74068
-74058
-74053
-74051
-74001
-73962
-73908
-73815
-73784
-73745
-73739
-73729
-73720
-73705
-73704
-73698
-73698
-73651
-73617
-73503
-73496
-73493
-73462
-73460
-73458
-73435
-73430
-73420
-73413
-73389
-73387
-73327
-73300
-73281
-73266
-73249
-73241
-73237
-73236
-73232
-73146
-73135
-73121
-73117
-73115
-73062
-73054
-73050
-72967
-72950
-72933
-72897
-72879
-72848
-72841
-72791
-72782
-72768
-72764
-72762
-72736
-72720
-72715
-72706
-72695
-72675
-72643
-72600
-72592
-72587
-72582
-72554
-72518
-72474
-72452
-72425
-72390
-72302
-72302
-72289
-72283
-72281
-72280
-72252
-72241
-72222
-72209
-72207
-72206
-72200
-72184
-72167
-72156
-72150
-72142
-72112
-72077
-72053
-72017
-72002
-71968
-71947
-71939
-71937
-71906
-71905
-71902
-71895
-71886
-71865
-71823
-71797
-71728
-71696
-71689
-71666
-71661
-71652
-71647
-71632
-71573
-71561
-71556
-71540
-71525
-71510
-71503
-71423
-71385
-71379
-71326
-71315
-71305
-71303
-71225
-71207
-71187
-71182
-71139
-71138
-71127
-71124
-71096
-71078
-71077
-71038
-71028
-70988
-70985
-70946
-70920
-70914
-70905
-70897
-70861
-70811
-70804
-70797
-70748
-70739
-70736
-70712
-70692
-70690
-70674
-70672
-70649
-70649
-70648
-70641
-70631
-70608
-70591
-70556
-70533
-70532
-70528
-70515
-70513
-70504
-70460
-70457
-70433
-70410
-70365
-70364
-70352
-70350
-70341
-70307
-70292
-70283
-70237
-70222
-70218
-70187
-70160
-70124
-70112
-70051
-70050
-70043
-70031
-70007
-70000
-69975
-69961
-69938
-69932
-69885
-69863
-69861
-69854
-69807
-69804
-69748
-69745
-69743
-69718
-69717
-69715
-69712
-69702
-69689
-69689
-69660
-69656
-69626
-69607
-69598
-69572
-69569
-69568
-69524
-69503
-69501
-69490
-69485
-69484
-69481
-69455
-69454
-69438
-69424
-69412
-69378
-69377
-69344
-69339
-69311
-69285
-69277
-69268
-69234
-69153
-69153
-69145
-69121
-69087
-69082
-69079
-69078
-69071
-69068
-69005
-68990
-68990
-68986
-68974
-68953
-68933
-68931
-68915
-68894
-68887
-68865
-68855
-68832
-68827
-68815
-68803
-68796
-68764
-68755
-68743
-68743
-68730
-68680
-68675
-68651
-68637
-68636
-68582
-68547
-68527
-68520
-68499
-68496
-68490
-68468
-68447
-68443
-68415
-68402
-68398
-68380
-68374
-68349
-68345
-68344
-68328
-68325
-68312
-68276
-68260
-68219
-68186
-68184
-68174
-68152
-68140
-68110
-68075
-68067
-68034
-68016
-68007
-67991
-67946
-67917
-67910
-67897
-67884
-67882
-67882
-67882
-67855
-67852
-67826
-67825
-67822
-67784
-67778
-67739
-67731
-67728
-67708
-67702
-67694
-67685
-67661
-67635
-67595
-67558
-67539
-67527
-67506
-67497
-67472
-67472
-67456
-67449
-67441
-67421
-67419
-67399
-67393
-67381
-67327
-67326
-67321
-67288
-67285
-67278
-67257
-67223
-67215
-67214
-67188
-67146
-67144
-67118
-67112
-67062
-67033
-67000
-66998
-66970
-66966
-66958
-66955
-66952
-66946
-66934
-66933
-66923
-66901
-66884
-66881
-66863
-66828
-66824
-66804
-66773
-66765
-66760
-66760
-66753
-66741
-66735
-66730
-66716
-66712
-66697
-66694
-66673
-66614
-66613
-66596
-66568
-66549
-66546
-66525
-66519
-66518
-66500
-66497
-66487
-66483
-66474
-66461
-66455
-66455
-66414
-66403
-66387
-66369
-66363
-66324
-66309
-66264
-66251
-66245
-66228
-66226
-66201
-66137
-66125
-66115
-66093
-66084
-66076
-66026
-66005
-65996
-65939
-65901
-65899
-65886
-65869
-65869
-65865
-65830
-65821
-65762
-65749
-65722
-65715
-65687
-65671
-65644
-65634
-65627
-65591
-65549
-65536
-65534
-65469
-65466
-65465
-65455
-65410
-65380
-65376
-65359
-65311
-65291
-65235
-65217
-65190
-65186
-65167
-65163
-65154
-65142
-65118
-65104
-65083
-65052
-65043
-65023
-65001
-64981
-64973
-64967
-64928
-64887
-64858
-64763
-64761
-64742
-64725
-64650
-64639
-64634
-64606
-64599
-64570
-64569
-64535
-64525
-64525
-64497
-64479
-64461
-64442
-64439
-64427
-64414
-64371
-64319
-64310
-64296
-64288
-64284
-64240
-64194
-64194
-64185
-64183
-64173
-64153
-64130
-64110
-64076
-64075
-64074
-64044
-64034
-64027
-63989
-63981
-63975
-63967
-63967
-63926
-63910
-63904
-63902
-63878
-63875
-63865
-63865
-63821
-63783
-63777
-63752
-63747
-63728
-63706
-63703
-63701
-63692
-63690
-63673
-63644
-63635
-63631
-63623
-63593
-63560
-63551
-63551
-63512
-63475
-63404
-63342
-63328
-63293
-63274
-63226
-63198
-63193
-63174
-63173
-63110
-63104
-63073
-63033
-63016
-62949
-62936
-62921
-62910
-62854
-62822
-62813
-62792
-62777
-62748
-62735
-62715
-62678
-62636
-62633
-62620
-62599
-62570
-62524
-62440
-62365
-62338
-62329
-62326
-62318
-62295
-62271
-62240
-62239
-62205
-62175
-62165
-62100
-62085
-62068
-62059
-62053
-62050
-62044
-62044
-62018
-62008
-61963
-61945
-61933
-61925
-61911
-61898
-61891
-61870
-61855
-61819
-61793
-61729
-61717
-61703
-61641
-61617
-61534
-61526
-61485
-61478
-61458
-61420
-61419
-61374
-61374
-61366
-61355
-61290
-61281
-61264
-61250
-61234
-61225
-61218
-61208
-61190
-61179
-61154
-61145
-61145
-61138
-61126
-61125
-61124
-61116
-61083
-61033
-61013
-60988
-60966
-60956
-60933
-60922
-60837
-60833
-60829
-60802
-60791
-60790
-60754
-60723
-60664
-60646
-60623
-60573
-60519
-60499
-60476
-60465
-60438
-60437
-60413
-60405
-60383
-60362
-60341
-60329
-60298
-60283
-60263
-60248
-60248
-60237
-60216
-60203
-60123
-60121
-60071
-60063
-60008
-59958
-59895
-59887
-59840
-59828
-59766
-59747
-59736
-59721
-59717
-59704
-59699
-59697
-59695
-59686
-59678
-59676
-59668
-59661
-59649
-59600
-59596
-59594
-59583
-59577
-59553
-59534
-59531
-59508
-59438
-59436
-59430
-59424
-59369
-59352
-59336
-59323
-59319
-59201
-59167
-59153
-59138
-59134
-59123
-59121
-59111
-59110
-59109
-59101
-59031
-59019
-58998
-58968
-58953
-58939
-58859
-58836
-58806
-58794
-58776
-58773
-58767
-58766
-58753
-58724
-58684
-58622
-58621
-58621
-58615
-58603
-58581
-58558
-58549
-58523
-58503
-58485
-58473
-58466
-58466
-58439
-58431
-58427
-58323
-58291
-58272
-58264
-58252
-58250
-58244
-58234
-58216
-58189
-58113
-58066
-58045
-58026
-58021
-57985
-57978
-57970
-57912
-57909
-57882
-57847
-57793
-57783
-57778
-57711
-57706
-57705
-57684
-57640
-57637
-57636
-57636
-57598
-57554
-57553
-57529
-57524
-57510
-57475
-57469
-57429
-57416
-57414
-57409
-57406
-57381
-57366
-57366
-57365
-57357
-57356
-57338
-57311
-57310
-57303
-57285
-57280
-57277
-57275
-57246
-57228
-57201
-57186
-57180
-57176
-57175
-57162
-57143
-57085
-57070
-57048
-57021
-57019
-57007
-56997
-56995
-56981
-56970
-56968
-56924
-56892
-56873
-56802
-56783
-56778
-56761
-56753
-56723
-56700
-56700
-56688
-56674
-56667
-56649
-56643
-56642
-56637
-56601
-56594
-56582
-56559
-56513
-56511
-56482
-56479
-56471
-56455
-56453
-56449
-56422
-56344
-56323
-56318
-56297
-56295
-56274
-56254
-56249
-56208
-56202
-56198
-56169
-56161
-56155
-56119
-56116
-56108
-56091
-56088
-56083
-56073
-56061
-56040
-56026
-55984
-55980
-55939
-55896
-55858
-55838
-55823
-55802
-55758
-55748
-55743
-55743
-55685
-55664
-55633
-55622
-55614
-55578
-55576
-55571
-55567
-55564
-55555
-55544
-55538
-55531
-55510
-55479
-55468
-55449
-55399
-55396
-55394
-55391
-55384
-55293
-55285
-55273
-55262
-55168
-55153
-55137
-55129
-55056
-55049
-55033
-55004
-54917
-54899
-54896
-54855
-54834
-54832
-54830
-54814
-54724
-54713
-54688
-54680
-54649
-54639
-54632
-54629
-54628
-54612
-54608
-54582
-54579
-54564
-54551
-54509
-54508
-54506
-54495
-54476
-54455
-54409
-54408
-54385
-54378
-54362
-54356
-54295
-54282
-54263
-54243
-54233
-54189
-54180
-54174
-54174
-54172
-54154
-54138
-54122
-54109
-54095
-54088
-54069
-53999
-53999
-53985
-53942
-53938
-53860
-53839
-53831
-53819
-53799
-53778
-53750
-53735
-53726
-53722
-53712
-53682
-53674
-53650
-53647
-53628
-53627
-53627
-53615
-53577
-53574
-53538
-53533
-53493
-53450
-53445
-53442
-53414
-53392
-53380
-53374
-53357
-53341
-53265
-53245
-53236
-53210
-53196
-53176
-53162
-53056
-53048
-53027
-53026
-53023
-53015
-52972
-52953
-52946
-52936
-52904
-52884
-52869
-52846
-52844
-52823
-52822
-52806
-52765
-52747
-52697
-52653
-52624
-52615
-52610
-52601
-52596
-52593
-52548
-52525
-52495
-52492
-52457
-52438
-52399
-52377
-52359
-52356
-52341
-52306
-52280
-52279
-52267
-52250
-52245
-52236
-52214
-52193
-52188
-52187
-52083
-52054
-52051
-52042
-52032
-52022
-52017
-51994
-51993
-51969
-51958
-51941
-51929
-51877
-51874
-51862
-51852
-51848
-51847
-51842
-51824
-51820
-51797
-51793
-51776
-51771
-51733
-51728
-51665
-51642
-51605
-51575
-51536
-51506
-51455
-51445
-51415
-51384
-51365
-51360
-51355
-51346
-51345
-51335
-51304
-51297
-51262
-51249
-51224
-51177
-51168
-51148
-51144
-51128
-51117
-51101
-51097
-51072
-51063
-51036
-51022
-50979
-50953
-50927
-50916
-50908
-50894
-50886
-50874
-50843
-50839
-50833
-50815
-50776
-50762
-50759
-50745
-50715
-50708
-50685
-50647
-50626
-50625
-50616
-50616
-50590
-50552
-50532
-50525
-50524
-50509
-50491
-50481
-50472
-50468
-50443
-50443
-50423
-50402
-50396
-50371
-50346
-50345
-50334
-50321
-50314
-50302
-50276
-50241
-50180
-50146
-50131
-50087
-50022
-50007
-49959
-49955
-49925
-49902
-49887
-49862
-49861
-49854
-49847
-49840
-49840
-49839
-49823
-49793
-49790
-49724
-49701
-49700
-49664
-49663
-49636
-49621
-49599
-49582
-49562
-49558
-49555
-49546
-49515
-49477
-49464
-49452
-49425
-49401
-49331
-49283
-49275
-49275
-49225
-49125
-49114
-49105
-49099
-49070
-49048
-49044
-49035
-49028
-49022
-49016
-49008
-49005
-48982
-48960
-48933
-48923
-48919
-48876
-48838
-48806
-48806
-48787
-48751
-48725
-48717
-48644
-48601
-48585
-48562
-48547
-48483
-48468
-48430
-48405
-48398
-48364
-48329
-48324
-48324
-48303
-48281
-48250
-48220
-48197
-48182
-48173
-48171
-48162
-48141
-48139
-48131
-48122
-48115
-48109
-48094
-48031
-48018
-47956
-47933
-47927
-47907
-47905
-47898
-47896
-47884
-47870
-47860
-47841
-47839
-47835
-47796
-47794
-47734
-47730
-47709
-47700
-47687
-47680
-47678
-47650
-47645
-47615
-47596
-47596
-47587
-47582
-47559
-47499
-47474
-47465
-47465
-47463
-47437
-47420
-47417
-47351
-47327
-47289
-47270
-47261
-47255
-47206
-47199
-47196
-47193
-47192
-47190
-47189
-47183
-47172
-47126
-47109
-47101
-47067
-47013
-46958
-46919
-46892
-46888
-46878
-46872
-46853
-46847
-46832
-46809
-46736
-46716
-46710
-46677
-46654
-46620
-46603
-46583
-46569
-46562
-46559
-46551
-46544
-46536
-46531
-46531
-46529
-46526
-46521
-46512
-46512
-46506
-46432
-46393
-46372
-46355
-46343
-46327
-46318
-46311
-46311
-46295
-46274
-46270
-46262
-46261
-46252
-46222
-46209
-46191
-46189
-46185
-46179
-46161
-46157
-46156
-46126
-46106
-46077
-46027
-46017
-45988
-45972
-45967
-45955
-45954
-45917
-45917
-45883
-45861
-45798
-45793
-45761
-45756
-45738
-45737
-45711
-45704
-45693
-45678
-45677
-45667
-45653
-45653
-45633
-45624
-45613
-45587
-45580
-45568
-45513
-45491
-45465
-45453
-45439
-45411
-45406
-45397
-45372
-45347
-45290
-45287
-45249
-45245
-45226
-45218
-45206
-45199
-45173
-45137
-45061
-45045
-45025
-45023
-44996
-44994
-44987
-44904
-44859
-44811
-44801
-44799
-44780
-44771
-44759
-44753
-44741
-44718
-44711
-44710
-44688
-44684
-44619
-44615
-44601
-44569
-44567
-44562
-44549
-44525
-44500
-44469
-44461
-44405
-44403
-44391
-44390
-44382
-44376
-44332
-44332
-44297
-44289
-44271
-44243
-44239
-44239
-44217
-44205
-44170
-44167
-44156
-44116
-44084
-44076
-44062
-43991
-43976
-43944
-43934
-43923
-43906
-43866
-43853
-43846
-43819
-43782
-43764
-43752
-43738
-43728
-43699
-43691
-43674
-43608
-43604
-43546
-43505
-43430
-43420
-43404
-43360
-43330
-43327
-43321
-43306
-43304
-43258
-43228
-43225
-43214
-43164
-43086
-43075
-43062
-43053
-43044
-43037
-43018
-42981
-42965
-42926
-42916
-42914
-42908
-42870
-42838
-42745
-42669
-42669
-42664
-42641
-42618
-42596
-42573
-42572
-42562
-42560
-42544
-42523
-42494
-42490
-42468
-42451
-42444
-42425
-42423
-42406
-42392
-42392
-42367
-42340
-42301
-42297
-42295
-42276
-42265
-42229
-42219
-42205
-42104
-42068
-42068
-41979
-41974
-41968
-41933
-41929
-41915
-41869
-41866
-41861
-41817
-41776
-41737
-41726
-41721
-41666
-41628
-41615
-41609
-41603
-41586
-41541
-41529
-41515
-41515
-41471
-41466
-41465
-41429
-41422
-41414
-41390
-41351
-41329
-41266
-41251
-41204
-41170
-41147
-41123
-41122
-41118
-41094
-41078
-41078
-41076
-41071
-41058
-41028
-40998
-40996
-40993
-40974
-40972
-40910
-40901
-40839
-40820
-40804
-40793
-40759
-40755
-40753
-40739
-40739
-40731
-40726
-40643
-40641
-40593
-40559
-40527
-40522
-40502
-40477
-40463
-40451
-40445
-40434
-40423
-40418
-40364
-40362
-40341
-40323
-40303
-40276
-40262
-40257
-40248
-40241
-40241
-40240
-40234
-40231
-40199
-40193
-40192
-40188
-40166
-40160
-40148
-40145
-40134
-40108
-40107
-40068
-40053
-40043
-40042
-40040
-40015
-39991
-39987
-39964
-39932
-39926
-39865
-39861
-39836
-39830
-39822
-39780
-39759
-39744
-39728
-39722
-39690
-39655
-39651
-39586
-39586
-39585
-39574
-39559
-39538
-39500
-39459
-39451
-39383
-39307
-39302
-39290
-39242
-39225
-39222
-39222
-39162
-39130
-39118
-39117
-39094
-39088
-39077
-39056
-39049
-39036
-39034
-39032
-39021
-38956
-38936
-38922
-38921
-38850
-38836
-38801
-38774
-38745
-38740
-38719
-38710
-38700
-38678
-38651
-38646
-38638
-38622
-38593
-38587
-38537
-38507
-38464
-38442
-38433
-38429
-38415
-38383
-38373
-38352
-38317
-38285
-38283
-38279
-38230
-38210
-38158
-38157
-38145
-38064
-38042
-38029
-38007
-37992
-37964
-37924
-37904
-37816
-37800
-37797
-37772
-37727
-37706
-37706
-37702
-37699
-37698
-37673
-37666
-37651
-37646
-37601
-37588
-37577
-37574
-37564
-37557
-37518
-37516
-37487
-37424
-37412
-37345
-37304
-37299
-37298
-37200
-37175
-37171
-37161
-37141
-37077
-37067
-37044
-36995
-36967
-36948
-36918
-36894
-36887
-36887
-36873
-36872
-36864
-36859
-36850
-36794
-36791
-36761
-36751
-36737
-36735
-36694
-36646
-36629
-36625
-36617
-36617
-36608
-36600
-36594
-36586
-36561
-36524
-36491
-36471
-36419
-36399
-36391
-36389
-36367
-36344
-36320
-36312
-36299
-36278
-36235
-36218
-36208
-36158
-36144
-36041
-36028
-35989
-35984
-35947
-35939
-35922
-35913
-35894
-35867
-35844
-35839
-35799
-35781
-35768
-35767
-35753
-35679
-35655
-35604
-35581
-35530
-35492
-35484
-35478
-35471
-35443
-35439
-35435
-35421
-35390
-35390
-35369
-35362
-35361
-35355
-35349
-35342
-35335
-35334
-35321
-35310
-35304
-35281
-35273
-35258
-35233
-35227
-35214
-35205
-35168
-35166
-35162
-35147
-35114
-35105
-35099
-35044
-35042
-35040
-35031
-35011
-35009
-34947
-34944
-34924
-34897
-34875
-34859
-34848
-34833
-34822
-34798
-34797
-34780
-34778
-34764
-34760
-34746
-34692
-34660
-34654
-34651
-34637
-34635
-34626
-34572
-34565
-34556
-34542
-34541
-34500
-34487
-34432
-34400
-34389
-34376
-34373
-34369
-34359
-34328
-34290
-34281
-34280
-34271
-34258
-34197
-34163
-34160
-34112
-33977
-33942
-33941
-33939
-33921
-33919
-33912
-33908
-33864
-33832
-33812
-33812
-33776
-33716
-33676
-33675
-33646
-33638
-33616
-33612
-33608
-33593
-33564
-33556
-33534
-33517
-33463
-33454
-33416
-33416
-33409
-33394
-33377
-33320
-33319
-33286
-33258
-33251
-33238
-33149
-33136
-33132
-33023
-33002
-32974
-32929
-32914
-32886
-32872
-32836
-32827
-32818
-32817
-32801
-32800
-32784
-32779
-32749
-32738
-32731
-32720
-32694
-32681
-32630
-32606
-32602
-32600
-32597
-32586
-32501
-32459
-32435
-32423
-32414
-32402
-32399
-32383
-32381
-32378
-32360
-32349
-32304
-32290
-32269
-32267
-32264
-32244
-32233
-32180
-32154
-32107
-32073
-32061
-32032
-32023
-32014
-31992
-31961
-31956
-31910
-31904
-31880
-31853
-31851
-31837
-31806
-31793
-31769
-31743
-31728
-31713
-31680
-31672
-31650
-31650
-31604
-31602
-31593
-31550
-31544
-31533
-31524
-31513
-31509
-31503
-31501
-31499
-31496
-31430
-31429
-31414
-31410
-31360
-31357
-31353
-31325
-31324
-31291
-31238
-31217
-31216
-31210
-31204
-31165
-31138
-31103
-31098
-31093
-31082
-31048
-31041
-31036
-31026
-30981
-30971
-30965
-30945
-30922
-30921
-30910
-30897
-30853
-30836
-30833
-30804
-30801
-30789
-30780
-30752
-30748
-30696
-30671
-30616
-30594
-30573
-30486
-30480
-30449
-30431
-30421
-30415
-30402
-30399
-30367
-30363
-30344
-30331
-30329
-30325
-30299
-30283
-30264
-30236
-30192
-30191
-30180
-30173
-30146
-30146
-30116
-30081
-30067
-30062
-30050
-30040
-30031
-30018
-30001
-29977
-29965
-29953
-29939
-29938
-29936
-29932
-29922
-29909
-29898
-29887
-29876
-29863
-29835
-29759
-29755
-29752
-29726
-29694
-29643
-29620
-29607
-29605
-29571
-29548
-29543
-29511
-29510
-29485
-29470
-29431
-29419
-29419
-29409
-29382
-29372
-29322
-29308
-29269
-29266
-29260
-29244
-29227
-29187
-29169
-29162
-29156
-29153
-29086
-29086
-29056
-29039
-29020
-29005
-28976
-28955
-28951
-28945
-28933
-28932
-28927
-28883
-28866
-28845
-28783
-28741
-28734
-28730
-28719
-28718
-28665
-28662
-28649
-28642
-28635
-28620
-28603
-28568
-28553
-28529
-28491
-28452
-28435
-28430
-28419
-28413
-28411
-28388
-28341
-28322
-28319
-28312
-28290
-28289
-28239
-28235
-28217
-28180
-28150
-28141
-28099
-28080
-28078
-28048
-28048
-28041
-28032
-28022
-28001
-27996
-27962
-27959
-27935
-27913
-27885
-27868
-27852
-27825
-27804
-27800
-27770
-27725
-27718
-27707
-27702
-27696
-27618
-27566
-27565
-27527
-27512
-27492
-27490
-27465
-27464
-27455
-27446
-27439
-27323
-27271
-27212
-27195
-27187
-27105
-27083
-27077
-27051
-26994
-26985
-26979
-26963
-26935
-26903
-26868
-26853
-26835
-26801
-26793
-26791
-26731
-26712
-26650
-26621
-26595
-26525
-26442
-26398
-26381
-26375
-26358
-26292
-26292
-26284
-26250
-26191
-26159
-26150
-26120
-26113
-26065
-26040
-25970
-25966
-25937
-25935
-25924
-25907
-25905
-25884
-25882
-25827
-25813
-25800
-25798
-25733
-25716
-25715
-25652
-25638
-25637
-25632
-25620
-25604
-25600
-25571
-25544
-25478
-25464
-25463
-25435
-25412
-25412
-25407
-25406
-25396
-25353
-25352
-25313
-25298
-25289
-25287
-25282
-25247
-25243
-25237
-25208
-25160
-25103
-25093
-25082
-24992
-24956
-24936
-24917
-24900
-24859
-24848
-24826
-24820
-24802
-24709
-24693
-24637
-24637
-24636
-24614
-24609
-24605
-24593
-24559
-24497
-24465
-24442
-24438
-24437
-24417
-24385
-24337
-24337
-24327
-24314
-24288
-24250
-24213
-24192
-24178
-24165
-24146
-24102
-24087
-24072
-24057
-24055
-24024
-24021
-23992
-23976
-23961
-23942
-23937
-23918
-23911
-23901
-23889
-23872
-23814
-23793
-23786
-23784
-23769
-23767
-23761
-23725
-23709
-23708
-23688
-23652
-23630
-23620
-23620
-23604
-23602
-23602
-23585
-23562
-23554
-23552
-23532
-23490
-23463
-23446
-23446
-23420
-23417
-23343
-23317
-23309
-23261
-23256
-23232
-23217
-23210
-23188
-23182
-23114
-23085
-23029
-23012
-23012
-22986
-22971
-22938
-22904
-22840
-22806
-22797
-22772
-22722
-22705
-22639
-22622
-22593
-22562
-22534
-22452
-22433
-22381
-22365
-22358
-22346
-22303
-22294
-22262
-22261
-22248
-22236
-22236
-22218
-22210
-22169
-22143
-22138
-22126
-22104
-22095
-22088
-22085
-22023
-22012
-22001
-21979
-21978
-21930
-21923
-21909
-21908
-21905
-21873
-21867
-21762
-21737
-21686
-21667
-21640
-21633
-21622
-21579
-21560
-21535
-21525
-21522
-21494
-21484
-21478
-21477
-21409
-21406
-21398
-21396
-21395
-21358
-21317
-21297
-21264
-21234
-21214
-21210
-21209
-21209
-21168
-21149
-21117
-21111
-21099
-21080
-21076
-21032
-20989
-20984
-20961
-20926
-20908
-20894
-20845
-20837
-20829
-20778
-20754
-20742
-20739
-20730
-20619
-20616
-20599
-20515
-20512
-20507
-20506
-20501
-20477
-20477
-20458
-20449
-20436
-20408
-20403
-20388
-20330
-20271
-20261
-20231
-20223
-20221
-20140
-20118
-20065
-20064
-19977
-19972
-19955
-19925
-19921
-19898
-19890
-19884
-19874
-19870
-19838
-19829
-19812
-19784
-19736
-19727
-19722
-19716
-19713
-19688
-19651
-19608
-19579
-19560
-19528
-19476
-19461
-19437
-19432
-19424
-19424
-19370
-19354
-19350
-19330
-19321
-19313
-19281
-19274
-19247
-19239
-19237
-19215
-19196
-19145
-19144
-19142
-19141
-19130
-19118
-19110
-19090
-19084
-19075
-19070
-19037
-18968
-18961
-18951
-18949
-18948
-18946
-18919
-18909
-18894
-18845
-18825
-18817
-18816
-18803
-18795
-18793
-18762
-18723
-18707
-18640
-18629
-18607
-18596
-18591
-18579
-18550
-18545
-18494
-18488
-18456
-18435
-18405
-18381
-18261
-18261
-18244
-18243
-18234
-18222
-18191
-18170
-18167
-18156
-18112
-18074
-18029
-17983
-17953
-17951
-17934
-17927
-17916
-17884
-17862
-17856
-17822
-17819
-17785
-17771
-17750
-17746
-17723
-17625
-17605
-17604
-17602
-17585
-17577
-17577
-17569
-17558
-17556
-17529
-17520
-17499
-17479
-17450
-17448
-17434
-17408
-17388
-17365
-17350
-17350
-17322
-17290
-17256
-17256
-17253
-17212
-17202
-17192
-17164
-17161
-17134
-17128
-17127
-17125
-17117
-17064
-17024
-17015
-16979
-16978
-16971
-16966
-16947
-16921
-16921
-16899
-16898
-16863
-16853
-16850
-16844
-16840
-16833
-16806
-16780
-16775
-16757
-16742
-16735
-16728
-16696
-16642
-16612
-16582
-16521
-16494
-16446
-16394
-16387
-16382
-16317
-16305
-16298
-16280
-16274
-16248
-16210
-16125
-16122
-16117
-16075
-16057
-16055
-16051
-16017
-15983
-15978
-15949
-15933
-15920
-15851
-15849
-15848
-15810
-15764
-15719
-15713
-15706
-15689
-15680
-15678
-15667
-15644
-15640
-15638
-15571
-15564
-15527
-15491
-15484
-15472
-15417
-15416
-15407
-15406
-15381
-15337
-15325
-15277
-15276
-15275
-15269
-15247
-15242
-15205
-15193
-15185
-15126
-15119
-15102
-15095
-15092
-15031
-15025
-15022
-14987
-14987
-14981
-14941
-14925
-14925
-14894
-14883
-14873
-14863
-14855
-14826
-14774
-14767
-14758
-14751
-14654
-14642
-14638
-14611
-14608
-14608
-14596
-14543
-14541
-14519
-14512
-14512
-14490
-14454
-14441
-14440
-14416
-14384
-14380
-14376
-14364
-14339
-14326
-14302
-14280
-14267
-14257
-14121
-14081
-14062
-14031
-13939
-13937
-13932
-13913
-13908
-13906
-13876
-13870
-13840
-13783
-13774
-13767
-13750
-13733
-13723
-13701
-13693
-13636
-13632
-13599
-13595
-13585
-13574
-13557
-13486
-13479
-13467
-13442
-13440
-13437
-13433
-13412
-13374
-13334
-13332
-13329
-13304
-13298
-13287
-13258
-13248
-13247
-13247
-13245
-13243
-13243
-13149
-13124
-13095
-13090
-13011
-13007
-13001
-12997
-12993
-12960
-12955
-12953
-12922
-12880
-12843
-12838
-12809
-12785
-12778
-12778
-12750
-12746
-12724
-12714
-12668
-12645
-12611
-12610
-12585
-12575
-12540
-12534
-12527
-12472
-12469
-12458
-12454
-12422
-12407
-12395
-12394
-12375
-12332
-12329
-12328
-12321
-12304
-12258
-12257
-12253
-12251
-12242
-12219
-12212
-12204
-12203
-12176
-12175
-12150
-12135
-12089
-12061
-12010
-12009
-12005
-11984
-11974
-11911
-11909
-11880
-11843
-11834
-11830
-11826
-11772
-11768
-11729
-11683
-11653
-11649
-11613
-11573
-11564
-11549
-11545
-11534
-11448
-11438
-11428
-11428
-11426
-11423
-11418
-11407
-11385
-11359
-11340
-11334
-11290
-11280
-11261
-11260
-11255
-11251
-11230
-11225
-11198
-11196
-11183
-11156
-11146
-11140
-11123
-11120
-11115
-11109
-11090
-11073
-11054
-11052
-10996
-10996
-10995
-10994
-10993
-10991
-10956
-10919
-10905
-10897
-10871
-10852
-10840
-10808
-10802
-10720
-10696
-10685
-10657
-10640
-10634
-10606
-10578
-10567
-10566
-10484
-10459
-10416
-10405
-10398
-10367
-10355
-10304
-10244
-10200
-10195
-10192
-10173
-10166
-10163
-10132
-10129
-10088
-10058
-10031
-9995
-9990
-9980
-9978
-9969
-9963
-9951
-9936
-9841
-9788
-9738
-9707
-9664
-9662
-9612
-9595
-9593
-9563
-9563
-9538
-9532
-9523
-9498
-9477
-9476
-9456
-9396
-9393
-9390
-9347
-9325
-9311
-9308
-9303
-9280
-9276
-9261
-9235
-9192
-9156
-9132
-9129
-9092
-9068
-9049
-9033
-8995
-8990
-8944
-8937
-8921
-8916
-8879
-8858
-8854
-8815
-8794
-8778
-8752
-8737
-8722
-8710
-8659
-8508
-8465
-8420
-8333
-8315
-8287
-8271
-8242
-8217
-8197
-8160
-8150
-8123
-8104
-8049
-8048
-8020
-8011
-7992
-7946
-7858
-7843
-7842
-7841
-7833
-7820
-7798
-7793
-7783
-7773
-7755
-7753
-7732
-7731
-7690
-7656
-7625
-7619
-7612
-7609
-7580
-7562
-7542
-7514
-7513
-7491
-7487
-7479
-7444
-7440
-7394
-7378
-7336
-7334
-7333
-7325
-7321
-7319
-7301
-7294
-7254
-7253
-7252
-7205
-7189
-7179
-7157
-7141
-7136
-7106
-7099
-7050
-7017
-6995
-6992
-6976
-6959
-6951
-6926
-6925
-6922
-6907
-6903
-6900
-6863
-6850
-6847
-6840
-6824
-6822
-6816
-6776
-6746
-6722
-6714
-6705
-6647
-6634
-6632
-6631
-6630
-6624
-6620
-6590
-6583
-6579
-6575
-6543
-6519
-6512
-6496
-6349
-6335
-6288
-6261
-6246
-6226
-6211
-6193
-6177
-6174
-6143
-6140
-6115
-6072
-6067
-6047
-6040
-6029
-6012
-6001
-5996
-5982
-5942
-5877
-5877
-5853
-5831
-5804
-5796
-5752
-5698
-5695
-5683
-5679
-5631
-5631
-5603
-5553
-5458
-5438
-5431
-5422
-5416
-5382
-5373
-5366
-5341
-5341
-5321
-5282
-5260
-5247
-5239
-5210
-5209
-5198
-5194
-5191
-5132
-5084
-5061
-5053
-5053
-5007
-4993
-4992
-4963
-4956
-4921
-4909
-4907
-4872
-4848
-4833
-4822
-4819
-4809
-4803
-4768
-4730
-4727
-4720
-4717
-4704
-4687
-4679
-4679
-4675
-4646
-4644
-4638
-4638
-4626
-4620
-4616
-4609
-4590
-4589
-4587
-4580
-4570
-4546
-4522
-4522
-4512
-4452
-4433
-4416
-4402
-4385
-4359
-4357
-4352
-4306
-4223
-4220
-4200
-4182
-4140
-4112
-4101
-4086
-4081
-4072
-4071
-4070
-4031
-4009
-4006
-3938
-3893
-3886
-3865
-3802
-3799
-3740
-3726
-3697
-3668
-3667
-3667
-3595
-3578
-3560
-3558
-3520
-3501
-3483
-3476
-3475
-3437
-3416
-3410
-3407
-3407
-3394
-3384
-3379
-3377
-3358
-3326
-3285
-3144
-3116
-3065
-3047
-3030
-2992
-2977
-2974
-2974
-2957
-2916
-2907
-2899
-2856
-2832
-2826
-2813
-2780
-2685
-2680
-2634
-2629
-2618
-2594
-2574
-2554
-2545
-2530
-2480
-2441
-2437
-2414
-2405
-2398
-2322
-2317
-2305
-2296
-2271
-2263
-2184
-2121
-2118
-2103
-2070
-2069
-2064
-1993
-1989
-1989
-1951
-1948
-1948
-1943
-1889
-1888
-1868
-1844
-1815
-1795
-1775
-1767
-1767
-1764
-1759
-1723
-1713
-1683
-1681
-1664
-1657
-1618
-1614
-1611
-1609
-1596
-1590
-1578
-1576
-1506
-1483
-1482
-1471
-1466
-1436
-1406
-1378
-1362
-1359
-1341
-1324
-1224
-1202
-1182
-1158
-1129
-1121
-1117
-1114
-1111
-1111
-1101
-1065
-1035
-1028
-981
-973
-936
-932
-921
-921
-907
-883
-879
-872
-867
-846
-814
-805
-801
-763
-753
-712
-696
-687
-685
-677
-630
-628
-580
-571
-570
-555
-537
-526
-522
-487
-485
-475
-412
-407
-392
-368
-359
-350
-331
-328
-317
-309
-280
-262
-258
-242
-215
-189
-185
-145
-142
-134
-132
-112
-56
-50
-43
-22
-1
18
20
31
86
131
138
142
155
155
159
166
173
175
184
189
222
253
289
293
297
320
347
403
424
449
455
477
492
515
595
618
623
635
643
663
664
667
685
708
739
746
772
797
810
836
841
848
867
880
885
890
924
948
973
992
994
1115
1122
1124
1191
1194
1195
1225
1232
1242
1272
1287
1336
1336
1376
1413
1480
1491
1512
1522
1525
1606
1659
1659
1669
1672
1709
1764
1821
1856
1888
1977
1981
2002
2059
2062
2092
2096
2097
2099
2165
2184
2273
2296
2303
2304
2316
2329
2332
2359
2372
2394
2399
2402
2406
2407
2414
2440
2448
2451
2457
2470
2502
2533
2577
2608
2629
2661
2678
2727
2795
2834
2862
2869
2870
2909
2916
2942
2961
2963
3002
3007
3012
3022
3028
3051
3055
3069
3108
3142
3179
3208
3228
3249
3251
3255
3269
3280
3281
3295
3308
3326
3336
3368
3381
3386
3388
3398
3412
3427
3469
3469
3481
3510
3512
3559
3576
3588
3626
3644
3650
3691
3725
3735
3746
3754
3756
3790
3793
3794
3809
3847
3864
3881
3901
3936
3964
3970
4014
4033
4060
4071
4072
4101
4122
4151
4204
4306
4357
4366
4383
4388
4405
4431
4516
4542
4550
4565
4617
4619
4649
4717
4730
4743
4743
4754
4761
4765
4773
4870
4885
4888
4936
4957
4973
4986
4991
5013
5041
5075
5091
5099
5117
5182
5198
5200
5217
5262
5286
5290
5300
5336
5357
5383
5384
5385
5405
5436
5437
5438
5476
5477
5477
5488
5500
5508
5538
5566
5569
5604
5641
5675
5726
5750
5770
5775
5817
5835
5836
5837
5848
5852
5887
5910
5940
5957
5967
6033
6038
6043
6059
6063
6083
6087
6087
6089
6137
6158
6164
6202
6238
6262
6274
6284
6298
6309
6325
6333
6389
6398
6429
6472
6476
6499
6502
6538
6558
6566
6570
6571
6597
6606
6618
6640
6643
6644
6707
6708
6709
6719
6732
6743
6760
6815
6830
6830
6832
6833
6860
6860
6905
6908
6915
6918
6961
6978
6992
7008
7032
7035
7037
7084
7096
7114
7115
7135
7199
7207
7208
7251
7271
7290
7318
7336
7352
7378
7387
7404
7417
7432
7461
7502
7561
7655
7663
7666
7702
7716
7782
7813
7841
7858
7899
7915
7919
7943
7971
7973
7984
7990
8000
8025
8025
8096
8102
8106
8112
8114
8135
8150
8163
8189
8230
8230
8233
8255
8264
8286
8294
8297
8306
8306
8388
8403
8442
8477
8512
8514
8519
8524
8546
8552
8554
8561
8590
8603
8627
8669
8676
8679
8706
8738
8751
8765
8813
8833
8883
8908
8909
8910
8924
8961
8984
8998
9019
9022
9061
9070
9075
9100
9106
9108
9109
9118
9128
9158
9166
9181
9200
9217
9239
9242
9269
9299
9319
9324
9329
9349
9424
9430
9450
9458
9462
9497
9520
9540
9559
9571
9574
9597
9602
9627
9630
9637
9638
9682
9692
9693
9712
9753
9776
9810
9813
9866
9873
9874
9887
9908
9931
9933
9943
9975
9991
9994
10000
10012
10024
10028
10178
10192
10199
10210
10217
10221
10224
10229
10234
10245
10302
10307
10309
10317
10329
10330
10344
10345
10350
10363
10427
10482
10496
10568
10575
10577
10619
10624
10654
10692
10692
10730
10823
10850
10855
10860
10916
10935
10942
10942
10961
10962
10988
11039
11105
11147
11236
11258
11263
11268
11308
11327
11328
11329
11390
11405
11411
11415
11431
11440
11443
11476
11491
11544
11568
11609
11642
11659
11661
11668
11713
11751
11782
11791
11800
11826
11843
11862
11881
11888
11910
11919
11923
11993
12004
12040
12050
12052
12082
12084
12098
12106
12122
12143
12168
12182
12209
12217
12229
12229
12244
12247
12252
12268
12373
12398
12403
12436
12438
12520
12556
12586
12598
12608
12620
12628
12636
12685
12694
12744
12749
12763
12769
12786
12814
12831
12847
12862
12868
12874
12976
13020
13070
13079
13098
13103
13136
13140
13161
13173
13234
13237
13274
13277
13321
13330
13341
13359
13367
13386
13396
13474
13489
13500
13577
13599
13608
13626
13628
13633
13650
13661
13669
13677
13686
13735
13740
13755
13774
13781
13809
13835
13842
13854
13870
13904
13972
14016
14028
14031
14053
14078
14145
14149
14244
14247
14256
14279
14288
14317
14354
14393
14421
14421
14439
14447
14474
14477
14496
14506
14511
14547
14559
14589
14595
14613
14635
14640
14718
14728
14740
14768
14815
14823
14862
14866
14878
14891
14964
14989
14999
15046
15099
15121
15146
15170
15187
15201
15218
15252
15268
15273
15281
15303
15318
15322
15328
15329
15352
15374
15411
15418
15426
15452
15464
15478
15478
15489
15523
15525
15530
15545
15588
15614
15636
15648
15663
15664
15696
15710
15745
15759
15761
15779
15795
15809
15832
15846
15890
15911
15945
15948
15967
15968
16013
16014
16024
16034
16042
16063
16081
16141
16164
16257
16325
16408
16433
16433
16439
16449
16459
16460
16465
16483
16500
16506
16540
16541
16547
16550
16554
16588
16596
16598
16624
16666
16680
16691
16736
16738
16755
16792
16807
16813
16826
16902
16918
16919
16926
16936
16943
16951
16952
16973
16994
16998
17000
17012
17012
17017
17020
17026
17029
17045
17098
17116
17139
17147
17189
17203
17207
17240
17271
17285
17291
17297
17364
17398
17421
17427
17437
17445
17458
17460
17461
17471
17473
17476
17482
17490
17513
17538
17565
17567
17623
17628
17633
17693
17694
17703
17720
17721
17743
17766
17794
17873
17893
17894
17942
17943
17945
17946
17984
17991
17996
17997
18005
18056
18064
18106
18109
18112
18117
18126
18163
18178
18185
18246
18247
18250
18278
18287
18306
18337
18341
18378
18388
18395
18404
18407
18409
18412
18423
18423
18444
18477
18482
18544
18550
18576
18656
18719
18760
18767
18780
18803
18804
18816
18819
18900
18946
18985
19081
19106
19118
19143
19147
19167
19183
19194
19213
19215
19223
19230
19261
19275
19304
19307
19346
19395
19414
19448
19478
19480
19495
19508
19516
19530
19545
19560
19586
19590
19620
19626
19634
19642
19645
19659
19664
19721
19746
19762
19772
19800
19800
19811
19855
19860
19949
19961
19965
19969
19981
20014
20022
20073
20097
20152
20196
20221
20237
20252
20278
20289
20307
20333
20336
20338
20406
20410
20415
20459
20459
20460
20471
20559
20580
20593
20601
20674
20696
20699
20701
20751
20819
20823
20833
20865
20891
20907
20941
20961
20999
21030
21040
21063
21099
21139
21141
21142
21148
21153
21165
21172
21173
21177
21207
21209
21217
21224
21233
21239
21242
21268
21281
21292
21354
21400
21406
21485
21486
21494
21542
21582
21589
21609
21627
21635
21640
21652
21705
21714
21762
21781
21852
21858
21897
21897
21906
21914
21921
21951
21962
21965
21991
22126
22152
22182
22183
22228
22231
22257
22258
22262
22276
22287
22326
22373
22395
22400
22415
22434
22469
22499
22532
22539
22553
22565
22571
22589
22613
22616
22641
22661
22688
22724
22771
22801
22819
22839
22883
22946
22993
23011
23051
23057
23076
23079
23093
23095
23097
23101
23106
23108
23134
23139
23161
23172
23224
23224
23224
23264
23304
23347
23369
23382
23399
23401
23431
23454
23471
23497
23516
23524
23667
23679
23692
23696
23697
23723
23747
23770
23788
23831
23837
23851
23866
23887
23890
23916
23926
23936
23972
23996
24045
24054
24079
24101
24106
24137
24154
24225
24234
24249
24277
24280
24286
24290
24307
24329
24340
24342
24345
24371
24391
24404
24411
24436
24437
24463
24473
24531
24541
24570
24580
24608
24614
24728
24788
24793
24837
24858
24859
24877
24878
24920
24934
24974
25003
25027
25043
25082
25088
25118
25143
25146
25177
25255
25272
25284
25296
25300
25301
25340
25353
25365
25431
25441
25466
25475
25490
25526
25593
25646
25649
25658
25679
25752
25806
25815
25831
25845
25871
25873
25936
25941
25952
25961
25994
26050
26052
26059
26070
26090
26093
26102
26132
26179
26181
26194
26196
26215
26244
26257
26259
26262
26269
26278
26279
26281
26302
26347
26352
26355
26364
26397
26403
26411
26419
26436
26468
26472
26496
26501
26526
26570
26595
26602
26618
26637
26680
26719
26722
26734
26859
26877
26895
26904
26926
26930
26935
26953
26969
26991
27003
27039
27104
27129
27132
27186
27191
27198
27207
27216
27254
27260
27273
27309
27316
27327
27338
27378
27381
27422
27531
27548
27641
27661
27721
27723
27780
27830
27857
27858
27863
27875
27891
27910
27914
27955
27956
27974
28007
28046
28067
28070
28073
28096
28102
28112
28137
28157
28184
28223
28243
28247
28253
28261
28263
28274
28277
28291
28342
28365
28380
28411
28431
28439
28457
28464
28476
28509
28519
28549
28566
28574
28605
28614
28619
28640
28655
28695
28701
28713
28734
28735
28766
28767
28768
28774
28777
28791
28796
28819
28823
28830
28831
28867
28878
28882
28892
28924
28931
28949
28992
29010
29028
29046
29050
29077
29111
29119
29125
29185
29194
29199
29235
29277
29329
29353
29360
29387
29416
29436
29449
29461
29517
29521
29524
29538
29575
29618
29618
29632
29634
29642
29652
29667
29678
29683
29722
29723
29742
29749
29781
29785
29797
29846
29857
29862
29868
29869
29904
29911
30030
30066
30080
30099
30111
30176
30178
30208
30220
30235
30247
30250
30284
30300
30309
30328
30335
30352
30357
30368
30380
30384
30395
30400
30409
30463
30466
30502
30502
30510
30513
30522
30534
30545
30548
30562
30562
30566
30588
30604
30612
30618
30619
30622
30624
30664
30682
30683
30687
30708
30719
30755
30782
30812
30825
30851
30866
30870
30874
30875
30899
30913
30932
30941
30968
30970
30978
30999
31047
31064
31079
31092
31093
31100
31101
31174
31190
31193
31199
31282
31304
31346
31352
31387
31389
31391
31445
31593
31603
31640
31647
31656
31660
31666
31673
31692
31697
31722
31734
31734
31757
31766
31775
31838
31876
31895
31895
31898
31930
31941
31990
31990
31995
32022
32033
32062
32098
32103
32147
32150
32176
32185
32185
32201
32237
32254
32254
32263
32270
32295
32315
32332
32386
32417
32418
32424
32444
32446
32480
32508
32514
32521
32535
32546
32548
32555
32561
32626
32640
32659
32668
32711
32717
32735
32747
32769
32778
32784
32791
32797
32801
32814
32840
32869
32897
32918
32932
32943
32948
32956
32975
32981
32987
32993
32997
33001
33031
33060
33062
33084
33092
33102
33103
33134
33155
33158
33165
33195
33222
33226
33249
33262
33273
33279
33306
33333
33351
33354
33360
33392
33463
33484
33491
33503
33545
33568
33572
33636
33653
33667
33667
33674
33703
33724
33732
33771
33784
33801
33802
33844
33846
33850
33889
33921
33958
33960
33968
33985
34021
34052
34058
34061
34061
34080
34086
34088
34098
34111
34147
34161
34161
34177
34209
34212
34235
34268
34298
34316
34355
34375
34384
34458
34471
34477
34492
34583
34598
34608
34612
34626
34655
34659
34671
34675
34684
34697
34700
34727
34771
34778
34789
34791
34797
34808
34811
34817
34820
34825
34827
34828
34833
34842
34857
34888
34907
34918
34920
34929
34930
34959
34994
35039
35078
35108
35123
35135
35149
35177
35190
35193
35239
35246
35268
35280
35285
35291
35334
35446
35460
35497
35517
35526
35529
35532
35542
35547
35547
35547
35550
35560
35578
35602
35635
35635
35677
35696
35716
35721
35740
35749
35776
35779
35783
35802
35807
35848
35870
35881
35891
35974
36003
36025
36028
36056
36060
36077
36093
36093
36123
36141
36152
36167
36179
36201
36228
36267
36280
36312
36373
36377
36381
36395
36422
36443
36461
36462
36490
36518
36565
36575
36631
36653
36668
36684
36731
36753
36755
36759
36807
36828
36860
36872
36881
36890
36907
36927
36970
36981
37018
37030
37035
37109
37124
37135
37140
37162
37200
37204
37209
37211
37218
37241
37246
37309
37339
37340
37407
37409
37416
37445
37446
37450
37471
37498
37505
37509
37515
37536
37623
37662
37673
37674
37678
37758
37787
37796
37801
37820
37856
37891
37907
37918
37974
37988
37993
37998
37999
38007
38031
38032
38035
38061
38092
38096
38107
38123
38124
38136
38173
38184
38190
38209
38224
38237
38296
38297
38309
38325
38331
38340
38370
38415
38427
38434
38436
38439
38441
38462
38484
38574
38606
38617
38631
38669
38682
38690
38784
38794
38820
38841
38858
38883
38904
38908
38909
38911
38913
38918
38921
38927
38988
39016
39021
39031
39032
39034
39037
39058
39113
39129
39132
39156
39158
39162
39169
39188
39232
39232
39236
39303
39315
39344
39361
39375
39388
39428
39431
39456
39467
39471
39486
39525
39543
39546
39564
39603
39612
39616
39653
39704
39809
39865
39867
39877
39887
39888
39894
39895
39916
39919
39921
39928
39966
39987
40015
40045
40050
40075
40075
40123
40183
40248
40264
40296
40302
40309
40351
40364
40375
40392
40404
40409
40446
40454
40529
40529
40543
40556
40561
40578
40581
40613
40613
40626
40640
40681
40752
40772
40815
40827
40829
40860
40900
40903
40941
40942
40950
40966
40979
41031
41033
41042
41193
41223
41230
41256
41259
41262
41274
41324
41341
41342
41360
41375
41379
41401
41427
41521
41533
41537
41581
41607
41655
41660
41669
41689
41716
41721
41741
41818
41833
41836
41851
41853
41861
41877
41914
41918
41991
42002
42035
42079
42122
42132
42133
42144
42192
42196
42212
42223
42231
42248
42250
42275
42275
42283
42285
42314
42341
42373
42401
42403
42474
42485
42485
42501
42505
42508
42533
42593
42593
42659
42685
42757
42768
42826
42831
42834
42854
42896
42897
42908
42947
42958
42974
42999
43071
43081
43094
43119
43135
43136
43141
43145
43214
43261
43265
43329
43331
43343
43345
43353
43374
43386
43393
43394
43411
43418
43425
43428
43430
43434
43442
43457
43469
43518
43538
43558
43581
43593
43599
43635
43720
43725
43751
43785
43791
43797
43803
43837
43844
43871
43887
43902
43925
43925
43995
44003
44014
44043
44047
44105
44122
44138
44141
44144
44165
44171
44176
44202
44207
44215
44239
44254
44273
44287
44288
44291
44298
44317
44324
44372
44387
44415
44484
44485
44541
44561
44563
44572
44592
44612
44614
44642
44689
44691
44720
44730
44740
44751
44762
44766
44800
44819
44862
44870
44896
44900
44906
44930
44951
44999
45012
45014
45022
45045
45067
45092
45092
45152
45186
45201
45214
45331
45331
45354
45381
45398
45455
45503
45507
45553
45570
45621
45633
45645
45701
45705
45705
45723
45741
45751
45775
45784
45788
45799
45800
45801
45817
45875
45882
45884
45904
45933
45936
46040
46047
46062
46102
46145
46202
46218
46237
46249
46269
46310
46328
46332
46338
46353
46358
46363
46383
46411
46456
46500
46501
46521
46567
46587
46587
46591
46594
46618
46635
46685
46732
46776
46788
46858
46882
46891
46906
46924
46928
46934
47002
47057
47073
47075
47077
47093
47151
47158
47197
47200
47210
47211
47212
47215
47229
47230
47245
47248
47263
47306
47314
47332
47332
47334
47335
47397
47405
47505
47597
47610
47629
47637
47645
47754
47764
47766
47784
47805
47805
47807
47845
47861
47866
47874
47940
47960
47984
47987
47994
48037
48054
48064
48065
48104
48110
48129
48139
48176
48182
48211
48217
48218
48229
48237
48270
48272
48288
48293
48310
48317
48323
48329
48336
48383
48395
48436
48444
48446
48452
48456
48492
48530
48548
48570
48574
48598
48615
48635
48641
48675
48702
48705
48732
48751
48783
48795
48802
48818
48845
48858
48865
48865
48896
48932
48937
48950
48959
48981
49023
49051
49081
49103
49106
49122
49127
49131
49149
49154
49159
49159
49167
49197
49201
49237
49249
49250
49260
49307
49314
49345
49373
49375
49379
49404
49416
49419
49519
49539
49550
49558
49573
49573
49582
49594
49597
49609
49611
49611
49634
49726
49752
49756
49773
49847
49850
49866
49875
49877
49899
49935
49976
50048
50070
50079
50166
50181
50189
50198
50212
50215
50229
50241
50254
50258
50261
50272
50321
50354
50358
50361
50367
50444
50471
50484
50492
50508
50559
50572
50592
50605
50619
50622
50628
50630
50636
50637
50642
50642
50645
50646
50677
50724
50749
50759
50770
50779
50801
50820
50838
50865
50877
50897
50940
50941
50945
51010
51017
51027
51042
51089
51099
51102
51109
51146
51146
51147
51171
51171
51175
51175
51177
51219
51224
51246
51248
51258
51273
51273
51279
51299
51305
51308
51324
51325
51408
51413
51422
51444
51450
51462
51504
51563
51583
51590
51591
51598
51610
51656
51696
51698
51725
51746
51748
51777
51794
51797
51806
51810
51812
51816
51817
51834
51845
51869
51884
51897
51961
51962
51963
51982
52003
52074
52078
52102
52157
52173
52183
52211
52283
52290
52306
52315
52319
52339
52362
52364
52371
52378
52383
52386
52409
52427
52511
52516
52520
52535
52551
52621
52626
52628
52647
52686
52691
52692
52710
52718
52727
52737
52774
52777
52786
52823
52823
52829
52852
52853
52934
52943
52954
52987
53003
53016
53033
53038
53051
53122
53151
53159
53172
53189
53211
53241
53244
53254
53270
53277
53307
53346
53384
53388
53390
53396
53405
53427
53428
53437
53482
53485
53488
53488
53495
53514
53551
53576
53592
53610
53613
53670
53710
53758
53769
53771
53777
53797
53841
53872
53894
53898
53930
53933
53968
53973
53985
54001
54002
54082
54088
54105
54120
54123
54125
54154
54179
54188
54190
54242
54243
54247
54269
54275
54298
54315
54331
54344
54347
54358
54366
54373
54386
54387
54421
54464
54472
54475
54480
54482
54485
54491
54509
54515
54518
54525
54534
54540
54575
54587
54610
54671
54696
54740
54755
54757
54778
54789
54801
54804
54807
54857
54861
54861
54865
54882
54893
54905
54934
54944
54957
54970
55027
55044
55063
55076
55126
55154
55173
55200
55241
55251
55297
55334
55335
55342
55374
55376
55410
55415
55451
55456
55465
55474
55484
55505
55509
55515
55516
55567
55625
55627
55645
55660
55698
55709
55719
55748
55772
55785
55797
55813
55850
55866
55877
55939
55971
55977
55996
55996
56000
56001
56048
56077
56094
56111
56133
56139
56154
56207
56212
56216
56235
56305
56306
56327
56365
56365
56380
56401
56410
56427
56451
56470
56520
56525
56554
56559
56561
56568
56577
56588
56606
56616
56627
56635
56674
56678
56717
56779
56779
56785
56795
56804
56820
56824
56826
56831
56857
56876
56906
56924
56931
56953
56954
56971
57033
57035
57067
57111
57122
57150
57167
57197
57209
57209
57226
57239
57254
57276
57290
57295
57314
57359
57363
57391
57398
57400
57408
57449
57472
57528
57554
57566
57592
57596
57654
57722
57800
57830
57846
57854
57860
57878
57895
57918
57940
58004
58085
58088
58088
58105
58122
58139
58169
58186
58195
58231
58242
58263
58271
58332
58393
58440
58474
58491
58521
58543
58558
58574
58575
58604
58623
58631
58634
58654
58692
58693
58713
58730
58732
58733
58743
58764
58776
58809
58816
58821
58860
58908
58919
58920
58939
58948
58960
59007
59007
59021
59043
59068
59094
59150
59161
59215
59231
59246
59249
59251
59280
59292
59327
59327
59354
59365
59378
59388
59434
59441
59456
59485
59513
59528
59543
59585
59606
59606
59612
59631
59657
59667
59678
59696
59726
59760
59834
59849
59873
59920
59928
59930
59936
59964
59988
60000
60030
60119
60121
60141
60178
60182
60229
60231
60243
60265
60273
60314
60357
60380
60403
60426
60461
60464
60473
60524
60538
60538
60541
60580
60663
60692
60702
60705
60715
60750
60754
60755
60772
60792
60800
60822
60834
60845
60855
60857
60861
60864
60884
60900
60911
60911
60943
60961
60988
61010
61082
61099
61108
61113
61115
61125
61140
61142
61146
61159
61163
61165
61166
61169
61184
61261
61270
61338
61379
61387
61394
61403
61457
61464
61485
61504
61529
61529
61543
61561
61603
61667
61706
61718
61719
61734
61743
61750
61770
61784
61789
61797
61819
61832
61848
61917
61918
61933
61937
61963
61977
61991
62040
62078
62086
62108
62122
62123
62131
62132
62138
62169
62190
62217
62220
62222
62232
62246
62261
62277
62285
62298
62315
62326
62335
62339
62341
62402
62423
62442
62457
62485
62510
62590
62618
62637
62640
62651
62652
62662
62678
62703
62745
62781
62783
62804
62839
62871
62882
62891
62901
62908
62913
62925
62937
62957
62970
62990
63026
63031
63037
63073
63093
63113
63119
63133
63189
63264
63332
63340
63344
63353
63372
63405
63411
63412
63412
63414
63446
63468
63472
63483
63491
63519
63529
63530
63534
63538
63594
63633
63641
63657
63665
63677
63678
63707
63773
63784
63784
63800
63809
63877
63912
63925
63943
63971
63976
63989
64012
64052
64060
64073
64087
64087
64099
64118
64143
64144
64148
64166
64181
64214
64263
64337
64344
64370
64392
64400
64403
64461
64479
64487
64506
64512
64526
64584
64613
64652
64671
64723
64741
64752
64759
64769
64769
64770
64797
64805
64862
64934
64940
64940
64956
65038
65042
65049
65062
65066
65072
65110
65146
65159
65166
65207
65219
65243
65250
65263
65271
65307
65322
65328
65334
65384
65406
65413
65441
65447
65450
65468
65474
65503
65549
65591
65597
65601
65620
65628
65630
65631
65638
65649
65670
65679
65679
65692
65698
65703
65719
65723
65755
65788
65788
65791
65801
65809
65815
65828
65852
65883
65892
65904
65932
65933
65959
65971
65974
65979
65987
65991
66009
66015
66022
66029
66048
66051
66062
66083
66095
66103
66120
66122
66143
66183
66185
66185
66185
66204
66205
66229
66366
66389
66409
66454
66469
66506
66522
66523
66527
66545
66570
66594
66637
66674
66685
66710
66720
66733
66752
66793
66813
66836
66899
66912
66940
66966
67013
67018
67079
67084
67098
67103
67114
67135
67138
67143
67154
67168
67170
67183
67192
67213
67273
67277
67297
67306
67306
67314
67330
67356
67359
67411
67421
67489
67490
67494
67504
67520
67527
67538
67538
67543
67547
67549
67572
67583
67584
67585
67609
67614
67680
67691
67697
67698
67704
67716
67721
67733
67752
67822
67825
67909
67922
67931
67938
67939
67964
67969
68002
68014
68016
68045
68047
68084
68094
68101
68127
68157
68185
68253
68276
68302
68316
68346
68353
68354
68404
68467
68515
68520
68522
68551
68579
68583
68585
68587
68592
68594
68641
68643
68674
68708
68711
68712
68719
68727
68735
68790
68839
68887
68892
68900
68907
68912
68925
68963
68992
68997
69056
69101
69132
69141
69158
69159
69160
69192
69196
69209
69222
69227
69239
69242
69258
69287
69386
69396
69399
69474
69477
69484
69497
69506
69529
69569
69579
69579
69589
69610
69644
69650
69665
69702
69721
69746
69759
69766
69774
69783
69786
69828
69846
69846
69871
69888
69892
69897
69903
69903
69959
69968
69995
69995
70018
70051
70080
70086
70114
70128
70159
70184
70210
70229
70232
70242
70253
70285
70291
70325
70329
70365
70385
70393
70408
70435
70435
70449
70517
70524
70548
70559
70573
70581
70599
70621
70638
70651
70658
70660
70683
70684
70684
70686
70689
70707
70713
70751
70759
70763
70764
70776
70788
70796
70841
70856
70861
70903
70907
70916
70918
70954
70985
71001
71019
71029
71071
71090
71110
71114
71151
71170
71252
71321
71332
71333
71337
71423
71443
71448
71460
71461
71464
71478
71485
71492
71512
71519
71572
71584
71593
71595
71623
71633
71695
71705
71750
71771
71829
71834
71846
71880
71932
71934
71955
71962
71972
71986
72034
72056
72108
72126
72138
72185
72194
72250
72253
72259
72281
72282
72289
72355
72386
72414
72414
72434
72446
72471
72505
72523
72533
72534
72550
72556
72561
72567
72617
72647
72687
72701
72722
72787
72802
72802
72803
72807
72832
72854
72863
72874
72878
72891
72903
72957
73012
73077
73085
73177
73183
73206
73241
73365
73388
73406
73412
73420
73433
73438
73441
73443
73444
73491
73498
73533
73611
73642
73667
73681
73687
73708
73731
73746
73752
73761
73765
73801
73857
73868
73872
73879
73900
73910
73919
73998
74021
74031
74079
74114
74127
74137
74155
74171
74216
74219
74227
74346
74367
74369
74387
74397
74411
74456
74470
74493
74495
74517
74519
74526
74555
74563
74570
74610
74634
74648
74652
74660
74726
74748
74775
74803
74812
74826
74894
74935
74946
74997
75003
75042
75054
75092
75111
75158
75158
75164
75180
75180
75191
75210
75217
75229
75231
75257
75278
75331
75341
75359
75391
75407
75430
75438
75465
75494
75522
75525
75556
75558
75561
75568
75575
75588
75616
75634
75666
75670
75671
75683
75687
75688
75688
75714
75746
75754
75776
75777
75823
75852
75877
75886
75937
75967
76009
76057
76068
76092
76121
76131
76144
76203
76242
76245
76246
76247
76262
76319
76335
76345
76352
76385
76395
76420
76441
76443
76444
76474
76510
76528
76562
76573
76586
76589
76647
76671
76677
76678
76699
76729
76739
76750
76775
76808
76817
76826
76836
76892
76900
76928
76935
76944
76992
77012
77016
77054
77056
77116
77126
77150
77172
77174
77250
77274
77277
77293
77302
77325
77336
77360
77363
77376
77376
77396
77401
77404
77421
77431
77448
77450
77451
77463
77466
77479
77482
77488
77491
77513
77514
77526
77556
77559
77563
77564
77568
77586
77626
77627
77646
77699
77705
77746
77747
77773
77792
77814
77821
77833
77891
77902
77940
77960
77962
77970
77999
78002
78009
78075
78078
78121
78197
78201
78223
78247
78296
78305
78342
78362
78374
78427
78433
78435
78478
78485
78507
78570
78580
78586
78611
78634
78681
78682
78684
78686
78723
78728
78819
78835
78844
78864
78883
78923
78929
78949
78956
78999
79020
79055
79065
79147
79155
79187
79191
79192
79204
79250
79264
79278
79322
79331
79341
79359
79403
79405
79409
79431
79440
79480
79539
79553
79573
79578
79600
79626
79630
79632
79645
79672
79677
79691
79716
79719
79787
79803
79827
79891
79900
79905
79909
79963
80024
80039
80043
80048
80071
80094
80127
80160
80168
80195
80200
80205
80213
80229
80261
80274
80315
80318
80343
80353
80353
80360
80366
80370
80377
80406
80407
80407
80457
80470
80511
80527
80539
80541
80542
80562
80574
80589
80590
80612
80635
80694
80735
80757
80772
80790
80818
80864
80882
80891
80923
80952
80977
80990
81011
81054
81054
81055
81079
81088
81107
81114
81115
81176
81188
81216
81221
81253
81266
81295
81297
81342
81363
81365
81383
81393
81415
81417
81430
81447
81486
81486
81532
81540
81549
81552
81561
81577
81606
81630
81643
81648
81683
81688
81725
81737
81770
81774
81821
81857
81859
81889
81893
81900
81908
81921
81934
81940
81941
81950
81965
82034
82034
82039
82046
82047
82076
82119
82158
82179
82191
82197
82219
82235
82244
82245
82246
82264
82281
82287
82297
82301
82305
82314
82330
82356
82386
82401
82422
82433
82437
82450
82453
82470
82495
82513
82542
82560
82577
82604
82634
82647
82662
82663
82687
82688
82699
82699
82757
82813
82824
82829
82844
82847
82866
82893
82907
82924
82933
82938
82947
82951
82985
83013
83017
83020
83043
83050
83171
83205
83217
83218
83227
83228
83262
83274
83306
83323
83347
83364
83379
83410
83437
83467
83480
83492
83509
83529
83532
83535
83547
83549
83562
83598
83601
83617
83621
83626
83627
83628
83643
83646
83690
83723
83744
83751
83769
83791
83794
83794
83804
83813
83827
83856
83932
83939
83949
84000
84009
84035
84036
84048
84082
84104
84109
84143
84161
84165
84188
84194
84221
84228
84270
84282
84292
84346
84349
84357
84378
84471
84489
84492
84495
84521
84525
84537
84557
84616
84640
84642
84645
84650
84724
84726
84738
84740
84747
84761
84798
84809
84820
84899
84929
84933
84955
85019
85020
85047
85049
85059
85063
85069
85098
85121
85124
85132
85136
85154
85170
85192
85215
85243
85253
85292
85302
85331
85382
85388
85411
85428
85430
85454
85516
85522
85545
85641
85672
85674
85719
85731
85752
85829
85870
85877
85887
85902
85919
85921
85923
85962
85976
85980
85982
85989
86108
86237
86239
86246
86269
86294
86311
86315
86320
86380
86387
86392
86395
86449
86454
86463
86468
86476
86492
86512
86519
86536
86551
86555
86581
86609
86626
86643
86658
86660
86693
86711
86782
86789
86795
86801
86809
86813
86851
86856
86915
86931
86953
86972
86973
87008
87053
87053
87061
87085
87091
87092
87129
87134
87154
87160
87170
87195
87207
87211
87231
87252
87263
87268
87273
87306
87311
87322
87348
87392
87413
87423
87442
87449
87453
87472
87498
87500
87520
87532
87536
87550
87586
87593
87612
87615
87618
87628
87631
87657
87699
87719
87747
87765
87766
87800
87823
87847
87882
87886
87902
87947
87949
87999
88028
88029
88049
88167
88258
88323
88359
88379
88381
88444
88461
88530
88579
88581
88590
88639
88640
88664
88704
88707
88735
88750
88766
88772
88788
88790
88800
88813
88819
88821
88823
88828
88831
88932
88933
88935
88948
88960
88964
88974
88985
88988
89022
89025
89032
89046
89053
89100
89175
89186
89187
89193
89230
89252
89302
89329
89330
89336
89338
89368
89386
89397
89399
89411
89425
89431
89453
89491
89523
89529
89532
89537
89578
89615
89617
89623
89630
89631
89665
89676
89686
89705
89745
89749
89757
89768
89768
89807
89820
89827
89849
89869
89875
89893
89908
89923
89926
89934
89994
90005
90066
90083
90098
90129
90130
90144
90157
90201
90218
90221
90229
90240
90277
90316
90331
90353
90360
90364
90368
90382
90397
90403
90408
90414
90440
90460
90481
90501
90503
90558
90560
90626
90631
90645
90655
90691
90705
90734
90736
90743
90773
90787
90806
90812
90820
90853
90870
90880
90942
90954
91022
91036
91068
91122
91139
91144
91150
91176
91203
91229
91256
91298
91304
91313
91325
91348
91367
91422
91429
91433
91433
91438
91442
91446
91449
91458
91509
91512
91516
91528
91530
91555
91594
91603
91657
91671
91682
91689
91705
91736
91747
91777
91779
91798
91813
91821
91843
91863
91883
91919
91944
91949
91967
92003
92052
92098
92104
92165
92192
92219
92224
92254
92286
92366
92383
92383
92431
92432
92451
92466
92496
92498
92499
92502
92503
92530
92540
92576
92657
92683
92694
92729
92738
92744
92778
92783
92813
92824
92836
92851
92853
92862
92889
92898
92931
92949
92972
93000
93010
93052
93075
93096
93118
93125
93158
93160
93179
93194
93202
93211
93214
93246
93247
93250
93251
93274
93287
93309
93345
93358
93382
93385
93397
93414
93435
93437
93464
93468
93492
93492
93506
93510
93512
93517
93528
93568
93574
93575
93664
93671
93674
93695
93747
93748
93751
93756
93786
93787
93797
93817
93841
93879
93881
93929
93941
94074
94075
94077
94082
94086
94102
94103
94139
94146
94184
94207
94212
94240
94242
94258
94260
94281
94316
94326
94340
94358
94384
94420
94425
94431
94444
94446
94449
94478
94519
94544
94571
94574
94635
94648
94673
94690
94692
94713
94715
94727
94744
94781
94797
94858
94868
94895
94908
94916
94971
94976
94996
95041
95106
95152
95201
95209
95211
95232
95250
95254
95263
95267
95313
95334
95340
95394
95416
95449
95453
95455
95522
95543
95549
95588
95607
95629
95633
95650
95674
95688
95695
95752
95777
95793
95796
95813
95818
95818
95823
95828
95855
95870
95909
95910
95917
95920
95949
95970
95990
96023
96027
96033
96038
96051
96061
96103
96133
96171
96201
96204
96214
96215
96219
96262
96275
96289
96298
96325
96353
96374
96412
96425
96441
96463
96475
96495
96510
96515
96522
96523
96546
96553
96556
96564
96586
96624
96635
96635
96648
96653
96663
96676
96735
96738
96911
96934
96944
96956
96979
96993
96999
97008
97019
97026
97033
97042
97080
97104
97111
97168
97180
97210
97228
97242
97255
97263
97268
97277
97301
97314
97319
97392
97395
97412
97428
97533
97579
97579
97586
97653
97664
97681
97684
97710
97715
97729
97757
97766
97831
97855
97866
97890
97917
97946
97964
97996
98003
98003
98037
98037
98074
98087
98092
98096
98147
98178
98211
98237
98241
98278
98289
98292
98295
98356
98386
98401
98410
98417
98427
98472
98476
98510
98525
98532
98552
98589
98602
98607
98613
98660
98670
98674
98720
98778
98780
98781
98804
98806
98906
98910
99005
99046
99081
99159
99164
99166
99168
99171
99173
99217
99231
99255
99267
99271
99278
99327
99381
99414
99416
99418
99426
99447
99454
99473
99508
99513
99522
99529
99536
99545
99576
99605
99650
99709
99717
99736
99747
99753
99758
99764
99795
99800
99820
99833
99847
99856
99895
99898
99905
99921
99931
99942
99997
