=======Start=======
kentonla
Mon Oct 28 00:11:19 PDT 2024
My machine has this many processors
6
Generating 1000000 random numbers
argv[0]:./generate
argv[1]:1000000
argv[2]:-1000000
argv[3]:1000000
Starting system sort

real	0m0.411s
user	0m0.510s
sys	0m0.089s
Starting my sort
Starting Array bubble sort with 1000000 items
Process 1 swap count: 980209896
Process 2 swap count: 972792836
Process 3 swap count: 974638338
Process 4 swap count: 979771584
Process 5 swap count: 971530251
Process 6 swap count: 977525206
Process 7 swap count: 971624387
Process 8 swap count: 980623747
Process 9 swap count: 978577589
Process 10 swap count: 975970657
Process 11 swap count: 971711254
Process 12 swap count: 971938359
Process 13 swap count: 971728653
Process 14 swap count: 975022947
Process 15 swap count: 975261372
Process 16 swap count: 975400093
Total Swaps: 15604327169
Ending bubble sort
1000000 numbers sorted and transferred from numbers.dat to mysort.out

real	3m6.629s
user	3m6.344s
sys	0m0.010s
-rwxrwxrwx 1 kentonla kentonla 7388425 Oct 28 00:13 systemsort.out
-rwxrwxrwx 1 kentonla kentonla 7388425 Oct 28 00:16 mysort.out
Comparing systemsort.out to mysort.out
All done with diff compare
=======End=======
Mon Oct 28 00:16:17 PDT 2024
